<?xml version="1.0" encoding="UTF-8"?>
<!-- Generated by org.testng.reporters.JUnitReportReporter -->
<testsuite hostname="DESKTOP-FUGQNF4" failures="0" tests="4"
	name="TestCase.DashboardPageTestCase" time="20.800" errors="0"
	timestamp="2023-11-06T09:56:10 IST" skipped="0">
	<testcase classname="TestCase.DashboardPageTestCase" name="test01"
		time="6.933" />
	<system-out />
	<testcase classname="TestCase.DashboardPageTestCase" name="test02"
		time="4.714" />
	<system-out />
	<testcase classname="TestCase.DashboardPageTestCase" name="test03"
		time="4.575" />
	<system-out />
	<testcase classname="TestCase.DashboardPageTestCase" name="test04"
		time="4.578" />
	<system-out />
</testsuite> <!-- TestCase.DashboardPageTestCase -->
