<?xml version="1.0" encoding="UTF-8"?>
<!-- Generated by org.testng.reporters.JUnitReportReporter -->
<testsuite hostname="DESKTOP-FUGQNF4" failures="0" tests="1"
	name="TestCase.Main" time="3.851" errors="0"
	timestamp="2023-11-06T10:33:24 IST" skipped="0">
	<testcase classname="TestCase.Main" name="test01" time="3.851" />
	<system-out />
</testsuite> <!-- TestCase.Main -->
