<?xml version="1.0" encoding="UTF-8"?>
<!-- Generated by org.testng.reporters.JUnitReportReporter -->
<testsuite hostname="DESKTOP-FUGQNF4" failures="0" tests="5" name="TestCase.LoginPageTestCase" time="12.399" errors="0" timestamp="2023-11-14T14:06:16 IST" skipped="0">
  <testcase classname="TestCase.LoginPageTestCase" name="test01" time="2.569"/>
  <system-out/>
  <testcase classname="TestCase.LoginPageTestCase" name="test02" time="3.520"/>
  <system-out/>
  <testcase classname="TestCase.LoginPageTestCase" name="test03" time="2.549"/>
  <system-out/>
  <testcase classname="TestCase.LoginPageTestCase" name="test04" time="1.176"/>
  <system-out/>
  <testcase classname="TestCase.LoginPageTestCase" name="test05" time="2.585"/>
  <system-out/>
</testsuite> <!-- TestCase.LoginPageTestCase -->
